2021/09/07 15:32:58 [notice] 1#1: using the "epoll" event method
2021/09/07 15:32:58 [notice] 1#1: nginx/1.20.1
2021/09/07 15:32:58 [notice] 1#1: built by gcc 10.2.1 20201203 (Alpine 10.2.1_pre1) 
2021/09/07 15:32:58 [notice] 1#1: OS: Linux 5.10.25-linuxkit
2021/09/07 15:32:58 [notice] 1#1: getrlimit(RLIMIT_NOFILE): 1048576:1048576
2021/09/07 15:32:58 [notice] 1#1: start worker processes
2021/09/07 15:32:58 [notice] 1#1: start worker process 23
2021/09/07 15:32:58 [notice] 1#1: start worker process 24
2021/09/07 15:33:05 [notice] 1#1: signal 3 (SIGQUIT) received, shutting down
2021/09/07 15:33:05 [notice] 23#23: gracefully shutting down
2021/09/07 15:33:05 [notice] 23#23: exiting
2021/09/07 15:33:05 [notice] 24#24: gracefully shutting down
2021/09/07 15:33:05 [notice] 23#23: exit
2021/09/07 15:33:05 [notice] 24#24: exiting
2021/09/07 15:33:05 [notice] 24#24: exit
2021/09/07 15:33:05 [notice] 1#1: signal 17 (SIGCHLD) received from 23
2021/09/07 15:33:05 [notice] 1#1: worker process 23 exited with code 0
2021/09/07 15:33:05 [notice] 1#1: signal 29 (SIGIO) received
2021/09/07 15:33:05 [notice] 1#1: signal 17 (SIGCHLD) received from 24
2021/09/07 15:33:05 [notice] 1#1: worker process 24 exited with code 0
2021/09/07 15:33:05 [notice] 1#1: exit
2021/09/07 15:36:16 [notice] 1#1: using the "epoll" event method
2021/09/07 15:36:16 [notice] 1#1: nginx/1.20.1
2021/09/07 15:36:16 [notice] 1#1: built by gcc 10.2.1 20201203 (Alpine 10.2.1_pre1) 
2021/09/07 15:36:16 [notice] 1#1: OS: Linux 5.10.25-linuxkit
2021/09/07 15:36:16 [notice] 1#1: getrlimit(RLIMIT_NOFILE): 1048576:1048576
2021/09/07 15:36:16 [notice] 1#1: start worker processes
2021/09/07 15:36:16 [notice] 1#1: start worker process 23
2021/09/07 15:36:16 [notice] 1#1: start worker process 24
2021/09/07 15:38:15 [notice] 1#1: signal 3 (SIGQUIT) received, shutting down
2021/09/07 15:38:15 [notice] 24#24: gracefully shutting down
2021/09/07 15:38:15 [notice] 23#23: gracefully shutting down
2021/09/07 15:38:15 [notice] 24#24: exiting
2021/09/07 15:38:15 [notice] 24#24: exit
2021/09/07 15:38:15 [notice] 1#1: signal 17 (SIGCHLD) received from 24
2021/09/07 15:38:15 [notice] 1#1: worker process 24 exited with code 0
2021/09/07 15:38:15 [notice] 1#1: signal 29 (SIGIO) received
2021/09/07 15:38:31 [notice] 1#1: using the "epoll" event method
2021/09/07 15:38:31 [notice] 1#1: nginx/1.20.1
2021/09/07 15:38:31 [notice] 1#1: built by gcc 10.2.1 20201203 (Alpine 10.2.1_pre1) 
2021/09/07 15:38:31 [notice] 1#1: OS: Linux 5.10.25-linuxkit
2021/09/07 15:38:31 [notice] 1#1: getrlimit(RLIMIT_NOFILE): 1048576:1048576
2021/09/07 15:38:31 [notice] 1#1: start worker processes
2021/09/07 15:38:31 [notice] 1#1: start worker process 23
2021/09/07 15:38:31 [notice] 1#1: start worker process 24
2021/09/07 15:40:28 [notice] 1#1: signal 3 (SIGQUIT) received, shutting down
2021/09/07 15:40:28 [notice] 23#23: gracefully shutting down
2021/09/07 15:40:28 [notice] 24#24: gracefully shutting down
2021/09/07 15:40:28 [notice] 23#23: exiting
2021/09/07 15:40:28 [notice] 24#24: exiting
2021/09/07 15:40:28 [notice] 23#23: exit
2021/09/07 15:40:28 [notice] 24#24: exit
2021/09/07 15:40:28 [notice] 1#1: signal 17 (SIGCHLD) received from 24
2021/09/07 15:40:28 [notice] 1#1: worker process 23 exited with code 0
2021/09/07 15:40:28 [notice] 1#1: worker process 24 exited with code 0
2021/09/07 15:40:28 [notice] 1#1: exit
2021/09/07 15:41:04 [notice] 1#1: using the "epoll" event method
2021/09/07 15:41:04 [notice] 1#1: nginx/1.20.1
2021/09/07 15:41:04 [notice] 1#1: built by gcc 10.2.1 20201203 (Alpine 10.2.1_pre1) 
2021/09/07 15:41:04 [notice] 1#1: OS: Linux 5.10.25-linuxkit
2021/09/07 15:41:04 [notice] 1#1: getrlimit(RLIMIT_NOFILE): 1048576:1048576
2021/09/07 15:41:04 [notice] 1#1: start worker processes
2021/09/07 15:41:04 [notice] 1#1: start worker process 24
2021/09/07 15:41:04 [notice] 1#1: start worker process 25
2021/09/07 15:43:08 [notice] 1#1: signal 3 (SIGQUIT) received, shutting down
2021/09/07 15:43:08 [notice] 25#25: gracefully shutting down
2021/09/07 15:43:08 [notice] 25#25: exiting
2021/09/07 15:43:08 [notice] 24#24: gracefully shutting down
2021/09/07 15:43:08 [notice] 25#25: exit
2021/09/07 15:43:08 [notice] 24#24: exiting
2021/09/07 15:43:08 [notice] 24#24: exit
2021/09/07 15:43:08 [notice] 1#1: signal 17 (SIGCHLD) received from 25
2021/09/07 15:43:08 [notice] 1#1: worker process 25 exited with code 0
2021/09/07 15:43:08 [notice] 1#1: signal 29 (SIGIO) received
2021/09/07 15:43:08 [notice] 1#1: signal 17 (SIGCHLD) received from 24
2021/09/07 15:43:08 [notice] 1#1: worker process 24 exited with code 0
2021/09/07 15:43:08 [notice] 1#1: exit
2021/09/08 02:49:39 [notice] 1#1: using the "epoll" event method
2021/09/08 02:49:39 [notice] 1#1: nginx/1.20.1
2021/09/08 02:49:39 [notice] 1#1: built by gcc 10.2.1 20201203 (Alpine 10.2.1_pre1) 
2021/09/08 02:49:39 [notice] 1#1: OS: Linux 5.10.25-linuxkit
2021/09/08 02:49:39 [notice] 1#1: getrlimit(RLIMIT_NOFILE): 1048576:1048576
2021/09/08 02:49:39 [notice] 1#1: start worker processes
2021/09/08 02:49:39 [notice] 1#1: start worker process 23
2021/09/08 02:49:39 [notice] 1#1: start worker process 24
2021/09/08 02:53:40 [notice] 1#1: signal 3 (SIGQUIT) received, shutting down
2021/09/08 02:53:40 [notice] 23#23: gracefully shutting down
2021/09/08 02:53:40 [notice] 24#24: gracefully shutting down
2021/09/08 02:53:40 [notice] 23#23: exiting
2021/09/08 02:53:40 [notice] 24#24: exiting
2021/09/08 02:53:40 [notice] 23#23: exit
2021/09/08 02:53:40 [notice] 24#24: exit
2021/09/08 02:53:40 [notice] 1#1: signal 17 (SIGCHLD) received from 23
2021/09/08 02:53:40 [notice] 1#1: worker process 23 exited with code 0
2021/09/08 02:53:40 [notice] 1#1: worker process 24 exited with code 0
2021/09/08 02:53:40 [notice] 1#1: exit
2021/09/08 02:55:27 [notice] 1#1: using the "epoll" event method
2021/09/08 02:55:27 [notice] 1#1: nginx/1.20.1
2021/09/08 02:55:27 [notice] 1#1: built by gcc 10.2.1 20201203 (Alpine 10.2.1_pre1) 
2021/09/08 02:55:27 [notice] 1#1: OS: Linux 5.10.25-linuxkit
2021/09/08 02:55:27 [notice] 1#1: getrlimit(RLIMIT_NOFILE): 1048576:1048576
2021/09/08 02:55:27 [notice] 1#1: start worker processes
2021/09/08 02:55:27 [notice] 1#1: start worker process 23
2021/09/08 02:55:27 [notice] 1#1: start worker process 24
2021/09/08 03:13:24 [notice] 1#1: signal 3 (SIGQUIT) received, shutting down
2021/09/08 03:13:24 [notice] 24#24: gracefully shutting down
2021/09/08 03:13:24 [notice] 23#23: gracefully shutting down
2021/09/08 03:13:24 [notice] 24#24: exiting
2021/09/08 03:13:24 [notice] 24#24: exit
2021/09/08 03:13:24 [notice] 1#1: signal 17 (SIGCHLD) received from 24
2021/09/08 03:13:24 [notice] 1#1: worker process 24 exited with code 0
2021/09/08 03:13:24 [notice] 1#1: signal 29 (SIGIO) received
2021/09/08 03:17:15 [notice] 1#1: using the "epoll" event method
2021/09/08 03:17:15 [notice] 1#1: nginx/1.20.1
2021/09/08 03:17:15 [notice] 1#1: built by gcc 10.2.1 20201203 (Alpine 10.2.1_pre1) 
2021/09/08 03:17:15 [notice] 1#1: OS: Linux 5.10.25-linuxkit
2021/09/08 03:17:15 [notice] 1#1: getrlimit(RLIMIT_NOFILE): 1048576:1048576
2021/09/08 03:17:15 [notice] 1#1: start worker processes
2021/09/08 03:17:15 [notice] 1#1: start worker process 25
2021/09/08 03:17:15 [notice] 1#1: start worker process 26
2021/09/08 03:19:19 [notice] 1#1: signal 3 (SIGQUIT) received, shutting down
2021/09/08 03:19:19 [notice] 26#26: gracefully shutting down
2021/09/08 03:19:19 [notice] 25#25: gracefully shutting down
2021/09/08 03:19:19 [notice] 26#26: exiting
2021/09/08 03:19:19 [notice] 26#26: exit
2021/09/08 03:19:19 [notice] 1#1: signal 17 (SIGCHLD) received from 26
2021/09/08 03:19:19 [notice] 1#1: worker process 26 exited with code 0
2021/09/08 03:19:19 [notice] 1#1: signal 29 (SIGIO) received
2021/09/08 03:25:10 [notice] 1#1: using the "epoll" event method
2021/09/08 03:25:10 [notice] 1#1: nginx/1.20.1
2021/09/08 03:25:10 [notice] 1#1: built by gcc 10.2.1 20201203 (Alpine 10.2.1_pre1) 
2021/09/08 03:25:10 [notice] 1#1: OS: Linux 5.10.25-linuxkit
2021/09/08 03:25:10 [notice] 1#1: getrlimit(RLIMIT_NOFILE): 1048576:1048576
2021/09/08 03:25:10 [notice] 1#1: start worker processes
2021/09/08 03:25:10 [notice] 1#1: start worker process 24
2021/09/08 03:25:10 [notice] 1#1: start worker process 25
2021/09/08 03:29:35 [notice] 1#1: signal 3 (SIGQUIT) received, shutting down
2021/09/08 03:29:35 [notice] 24#24: gracefully shutting down
2021/09/08 03:29:35 [notice] 25#25: gracefully shutting down
2021/09/08 03:29:35 [notice] 24#24: exiting
2021/09/08 03:29:35 [notice] 25#25: exiting
2021/09/08 03:29:35 [notice] 24#24: exit
2021/09/08 03:29:35 [notice] 25#25: exit
2021/09/08 03:29:35 [notice] 1#1: signal 17 (SIGCHLD) received from 24
2021/09/08 03:29:35 [notice] 1#1: worker process 24 exited with code 0
2021/09/08 03:29:35 [notice] 1#1: signal 29 (SIGIO) received
2021/09/08 03:29:35 [notice] 1#1: signal 17 (SIGCHLD) received from 25
2021/09/08 03:29:35 [notice] 1#1: worker process 25 exited with code 0
2021/09/08 03:29:35 [notice] 1#1: exit
2021/09/08 03:45:45 [notice] 1#1: using the "epoll" event method
2021/09/08 03:45:45 [notice] 1#1: nginx/1.20.1
2021/09/08 03:45:45 [notice] 1#1: built by gcc 10.2.1 20201203 (Alpine 10.2.1_pre1) 
2021/09/08 03:45:45 [notice] 1#1: OS: Linux 5.10.25-linuxkit
2021/09/08 03:45:45 [notice] 1#1: getrlimit(RLIMIT_NOFILE): 1048576:1048576
2021/09/08 03:45:45 [notice] 1#1: start worker processes
2021/09/08 03:45:45 [notice] 1#1: start worker process 23
2021/09/08 03:45:45 [notice] 1#1: start worker process 24
2021/09/08 04:00:27 [notice] 1#1: signal 3 (SIGQUIT) received, shutting down
2021/09/08 04:00:27 [notice] 24#24: gracefully shutting down
2021/09/08 04:00:27 [notice] 24#24: exiting
2021/09/08 04:00:27 [notice] 23#23: gracefully shutting down
2021/09/08 04:00:27 [notice] 24#24: exit
2021/09/08 04:00:27 [notice] 23#23: exiting
2021/09/08 04:00:27 [notice] 23#23: exit
2021/09/08 04:00:27 [notice] 1#1: signal 17 (SIGCHLD) received from 24
2021/09/08 04:00:27 [notice] 1#1: worker process 24 exited with code 0
2021/09/08 04:00:27 [notice] 1#1: worker process 23 exited with code 0
2021/09/08 04:00:27 [notice] 1#1: exit
2021/09/08 04:01:07 [notice] 1#1: using the "epoll" event method
2021/09/08 04:01:07 [notice] 1#1: nginx/1.20.1
2021/09/08 04:01:07 [notice] 1#1: built by gcc 10.2.1 20201203 (Alpine 10.2.1_pre1) 
2021/09/08 04:01:07 [notice] 1#1: OS: Linux 5.10.25-linuxkit
2021/09/08 04:01:07 [notice] 1#1: getrlimit(RLIMIT_NOFILE): 1048576:1048576
2021/09/08 04:01:07 [notice] 1#1: start worker processes
2021/09/08 04:01:07 [notice] 1#1: start worker process 23
2021/09/08 04:01:07 [notice] 1#1: start worker process 24
2021/09/08 04:05:17 [notice] 1#1: signal 3 (SIGQUIT) received, shutting down
2021/09/08 04:05:17 [notice] 23#23: gracefully shutting down
2021/09/08 04:05:17 [notice] 24#24: gracefully shutting down
2021/09/08 04:05:17 [notice] 24#24: exiting
2021/09/08 04:05:17 [notice] 24#24: exit
2021/09/08 04:05:17 [notice] 1#1: signal 17 (SIGCHLD) received from 24
2021/09/08 04:05:17 [notice] 1#1: worker process 24 exited with code 0
2021/09/08 04:05:17 [notice] 1#1: signal 29 (SIGIO) received
2021/09/08 04:05:59 [notice] 1#1: using the "epoll" event method
2021/09/08 04:05:59 [notice] 1#1: nginx/1.20.1
2021/09/08 04:05:59 [notice] 1#1: built by gcc 10.2.1 20201203 (Alpine 10.2.1_pre1) 
2021/09/08 04:05:59 [notice] 1#1: OS: Linux 5.10.25-linuxkit
2021/09/08 04:05:59 [notice] 1#1: getrlimit(RLIMIT_NOFILE): 1048576:1048576
2021/09/08 04:05:59 [notice] 1#1: start worker processes
2021/09/08 04:05:59 [notice] 1#1: start worker process 23
2021/09/08 04:05:59 [notice] 1#1: start worker process 24
2021/09/08 06:25:57 [notice] 1#1: signal 3 (SIGQUIT) received, shutting down
2021/09/08 06:25:57 [notice] 24#24: gracefully shutting down
2021/09/08 06:25:57 [notice] 23#23: gracefully shutting down
2021/09/08 06:25:57 [notice] 23#23: exiting
2021/09/08 06:25:57 [notice] 24#24: exiting
2021/09/08 06:25:57 [notice] 23#23: exit
2021/09/08 06:25:57 [notice] 24#24: exit
2021/09/08 06:25:57 [notice] 1#1: signal 17 (SIGCHLD) received from 23
2021/09/08 06:25:57 [notice] 1#1: worker process 23 exited with code 0
2021/09/08 06:25:57 [notice] 1#1: signal 29 (SIGIO) received
2021/09/08 06:25:57 [notice] 1#1: signal 17 (SIGCHLD) received from 24
2021/09/08 06:25:57 [notice] 1#1: worker process 24 exited with code 0
2021/09/08 06:25:57 [notice] 1#1: exit
2021/09/09 01:48:54 [notice] 1#1: using the "epoll" event method
2021/09/09 01:48:54 [notice] 1#1: nginx/1.20.1
2021/09/09 01:48:54 [notice] 1#1: built by gcc 10.2.1 20201203 (Alpine 10.2.1_pre1) 
2021/09/09 01:48:54 [notice] 1#1: OS: Linux 5.10.25-linuxkit
2021/09/09 01:48:54 [notice] 1#1: getrlimit(RLIMIT_NOFILE): 1048576:1048576
2021/09/09 01:48:54 [notice] 1#1: start worker processes
2021/09/09 01:48:54 [notice] 1#1: start worker process 24
2021/09/09 01:48:54 [notice] 1#1: start worker process 25
2021/09/09 01:54:00 [notice] 1#1: using the "epoll" event method
2021/09/09 01:54:00 [notice] 1#1: nginx/1.20.1
2021/09/09 01:54:00 [notice] 1#1: built by gcc 10.2.1 20201203 (Alpine 10.2.1_pre1) 
2021/09/09 01:54:00 [notice] 1#1: OS: Linux 5.10.25-linuxkit
2021/09/09 01:54:00 [notice] 1#1: getrlimit(RLIMIT_NOFILE): 1048576:1048576
2021/09/09 01:54:00 [notice] 1#1: start worker processes
2021/09/09 01:54:00 [notice] 1#1: start worker process 23
2021/09/09 01:54:00 [notice] 1#1: start worker process 24
2021/09/09 01:55:49 [notice] 1#1: signal 3 (SIGQUIT) received, shutting down
2021/09/09 01:55:49 [notice] 24#24: gracefully shutting down
2021/09/09 01:55:49 [notice] 23#23: gracefully shutting down
2021/09/09 01:55:49 [notice] 24#24: exiting
2021/09/09 01:55:49 [notice] 23#23: exiting
2021/09/09 01:55:49 [notice] 24#24: exit
2021/09/09 01:55:49 [notice] 23#23: exit
2021/09/09 01:55:49 [notice] 1#1: signal 17 (SIGCHLD) received from 24
2021/09/09 01:55:49 [notice] 1#1: worker process 24 exited with code 0
2021/09/09 01:55:49 [notice] 1#1: signal 29 (SIGIO) received
2021/09/09 01:55:49 [notice] 1#1: signal 17 (SIGCHLD) received from 23
2021/09/09 01:55:49 [notice] 1#1: worker process 23 exited with code 0
2021/09/09 01:55:49 [notice] 1#1: exit
2021/09/09 01:59:06 [notice] 1#1: using the "epoll" event method
2021/09/09 01:59:06 [notice] 1#1: nginx/1.20.1
2021/09/09 01:59:06 [notice] 1#1: built by gcc 10.2.1 20201203 (Alpine 10.2.1_pre1) 
2021/09/09 01:59:06 [notice] 1#1: OS: Linux 5.10.25-linuxkit
2021/09/09 01:59:06 [notice] 1#1: getrlimit(RLIMIT_NOFILE): 1048576:1048576
2021/09/09 01:59:06 [notice] 1#1: start worker processes
2021/09/09 01:59:06 [notice] 1#1: start worker process 24
2021/09/09 01:59:06 [notice] 1#1: start worker process 25
2021/09/09 02:00:02 [notice] 1#1: signal 3 (SIGQUIT) received, shutting down
2021/09/09 02:00:02 [notice] 24#24: gracefully shutting down
2021/09/09 02:00:02 [notice] 24#24: exiting
2021/09/09 02:00:02 [notice] 25#25: gracefully shutting down
2021/09/09 02:00:02 [notice] 24#24: exit
2021/09/09 02:00:02 [notice] 25#25: exiting
2021/09/09 02:00:02 [notice] 25#25: exit
2021/09/09 02:00:02 [notice] 1#1: signal 17 (SIGCHLD) received from 24
2021/09/09 02:00:02 [notice] 1#1: worker process 24 exited with code 0
2021/09/09 02:00:02 [notice] 1#1: signal 29 (SIGIO) received
2021/09/09 02:00:02 [notice] 1#1: signal 17 (SIGCHLD) received from 25
2021/09/09 02:00:02 [notice] 1#1: worker process 25 exited with code 0
2021/09/09 02:00:02 [notice] 1#1: exit
2021/09/09 02:09:49 [notice] 1#1: using the "epoll" event method
2021/09/09 02:09:49 [notice] 1#1: nginx/1.20.1
2021/09/09 02:09:49 [notice] 1#1: built by gcc 10.2.1 20201203 (Alpine 10.2.1_pre1) 
2021/09/09 02:09:49 [notice] 1#1: OS: Linux 5.10.25-linuxkit
2021/09/09 02:09:49 [notice] 1#1: getrlimit(RLIMIT_NOFILE): 1048576:1048576
2021/09/09 02:09:49 [notice] 1#1: start worker processes
2021/09/09 02:09:49 [notice] 1#1: start worker process 24
2021/09/09 02:09:49 [notice] 1#1: start worker process 25
2021/09/09 02:43:45 [notice] 1#1: signal 3 (SIGQUIT) received, shutting down
2021/09/09 02:43:45 [notice] 24#24: gracefully shutting down
2021/09/09 02:43:45 [notice] 24#24: exiting
2021/09/09 02:43:45 [notice] 25#25: gracefully shutting down
2021/09/09 02:43:45 [notice] 24#24: exit
2021/09/09 02:43:45 [notice] 25#25: exiting
2021/09/09 02:43:45 [notice] 25#25: exit
2021/09/09 02:43:45 [notice] 1#1: signal 17 (SIGCHLD) received from 24
2021/09/09 02:43:45 [notice] 1#1: worker process 24 exited with code 0
2021/09/09 02:43:45 [notice] 1#1: signal 29 (SIGIO) received
2021/09/09 02:43:45 [notice] 1#1: signal 17 (SIGCHLD) received from 25
2021/09/09 02:43:45 [notice] 1#1: worker process 25 exited with code 0
2021/09/09 02:43:45 [notice] 1#1: exit
2021/09/09 02:44:52 [notice] 1#1: using the "epoll" event method
2021/09/09 02:44:52 [notice] 1#1: nginx/1.20.1
2021/09/09 02:44:52 [notice] 1#1: built by gcc 10.2.1 20201203 (Alpine 10.2.1_pre1) 
2021/09/09 02:44:52 [notice] 1#1: OS: Linux 5.10.25-linuxkit
2021/09/09 02:44:52 [notice] 1#1: getrlimit(RLIMIT_NOFILE): 1048576:1048576
2021/09/09 02:44:52 [notice] 1#1: start worker processes
2021/09/09 02:44:52 [notice] 1#1: start worker process 23
2021/09/09 02:44:52 [notice] 1#1: start worker process 24
2021/09/09 02:45:21 [notice] 1#1: signal 3 (SIGQUIT) received, shutting down
2021/09/09 02:45:21 [notice] 24#24: gracefully shutting down
2021/09/09 02:45:21 [notice] 24#24: exiting
2021/09/09 02:45:21 [notice] 23#23: gracefully shutting down
2021/09/09 02:45:21 [notice] 24#24: exit
2021/09/09 02:45:21 [notice] 1#1: signal 17 (SIGCHLD) received from 24
2021/09/09 02:45:21 [notice] 1#1: worker process 24 exited with code 0
2021/09/09 02:45:21 [notice] 1#1: signal 29 (SIGIO) received
